<?xml version="1.0" encoding="UTF-8"?>
<!-- Generated by org.testng.reporters.JUnitReportReporter -->
<testsuite skipped="2" hostname="DESKTOP-3RA77M5" name="com.course.cases.UpdateUserInfoTest" tests="2" failures="0" timestamp="2020-06-24T16:49:39 CST" time="0.000" errors="0">
  <testcase name="updateUserInfo" time="0.000" classname="com.course.cases.UpdateUserInfoTest">
    <skipped/>
  </testcase> <!-- updateUserInfo -->
  <system-out/>
  <testcase name="deleteUser" time="0.000" classname="com.course.cases.UpdateUserInfoTest">
    <skipped/>
  </testcase> <!-- deleteUser -->
  <system-out/>
</testsuite> <!-- com.course.cases.UpdateUserInfoTest -->
