<?xml version="1.0" encoding="UTF-8"?>
<!-- Generated by org.testng.reporters.JUnitReportReporter -->
<testsuite skipped="1" hostname="DESKTOP-3RA77M5" name="com.course.cases.GetUserInfoTest" tests="1" failures="0" timestamp="2020-06-24T16:49:39 CST" time="0.000" errors="0">
  <testcase name="getUserInfo" time="0.000" classname="com.course.cases.GetUserInfoTest">
    <skipped/>
  </testcase> <!-- getUserInfo -->
  <system-out/>
</testsuite> <!-- com.course.cases.GetUserInfoTest -->
