<?xml version="1.0" encoding="UTF-8"?>
<testsuite xmlns:xsi="http://www.w3.org/2001/XMLSchema-instance" xsi:noNamespaceSchemaLocation="https://maven.apache.org/surefire/maven-surefire-plugin/xsd/surefire-test-report.xsd" name="TestSuite" time="11.576" tests="7" errors="0" skipped="5" failures="2">
  <properties>
    <property name="sun.desktop" value="windows"/>
    <property name="awt.toolkit" value="sun.awt.windows.WToolkit"/>
    <property name="file.encoding.pkg" value="sun.io"/>
    <property name="java.specification.version" value="1.8"/>
    <property name="sun.cpu.isalist" value="pentium_pro+mmx pentium_pro pentium+mmx pentium i486 i386 i86"/>
    <property name="sun.jnu.encoding" value="GBK"/>
    <property name="java.class.path" value="G:\github\muke\AutoTest\Chapter12\target\test-classes;G:\github\muke\AutoTest\Chapter12\target\classes;C:\Users\DELL\.m2\repository\org\apache\httpcomponents\httpclient\4.1.2\httpclient-4.1.2.jar;C:\Users\DELL\.m2\repository\org\apache\httpcomponents\httpcore\4.4.6\httpcore-4.4.6.jar;C:\Users\DELL\.m2\repository\commons-codec\commons-codec\1.10\commons-codec-1.10.jar;C:\Users\DELL\.m2\repository\org\json\json\20200518\json-20200518.jar;C:\Users\DELL\.m2\repository\mysql\mysql-connector-java\8.0.13\mysql-connector-java-8.0.13.jar;C:\Users\DELL\.m2\repository\com\google\protobuf\protobuf-java\3.6.1\protobuf-java-3.6.1.jar;C:\Users\DELL\.m2\repository\org\mybatis\mybatis\3.5.5\mybatis-3.5.5.jar;C:\Users\DELL\.m2\repository\org\projectlombok\lombok\1.16.10\lombok-1.16.10.jar;C:\Users\DELL\.m2\repository\com\relevantcodes\extentreports\2.41.1\extentreports-2.41.1.jar;C:\Users\DELL\.m2\repository\org\jsoup\jsoup\1.8.3\jsoup-1.8.3.jar;C:\Users\DELL\.m2\repository\org\xerial\sqlite-jdbc\3.15.1\sqlite-jdbc-3.15.1.jar;C:\Users\DELL\.m2\repository\org\freemarker\freemarker\2.3.26-incubating\freemarker-2.3.26-incubating.jar;C:\Users\DELL\.m2\repository\org\mongodb\mongodb-driver\3.4.2\mongodb-driver-3.4.2.jar;C:\Users\DELL\.m2\repository\org\mongodb\bson\3.4.2\bson-3.4.2.jar;C:\Users\DELL\.m2\repository\org\mongodb\mongodb-driver-core\3.4.2\mongodb-driver-core-3.4.2.jar;C:\Users\DELL\.m2\repository\com\vimalselvam\testng-extentsreport\1.3.1\testng-extentsreport-1.3.1.jar;C:\Users\DELL\.m2\repository\com\google\guava\guava\20.0\guava-20.0.jar;C:\Users\DELL\.m2\repository\com\aventstack\extentreports\3.0.6\extentreports-3.0.6.jar;C:\Users\DELL\.m2\repository\org\apache\httpcomponents\httpmime\4.5.3\httpmime-4.5.3.jar;C:\Users\DELL\.m2\repository\commons-logging\commons-logging\1.2\commons-logging-1.2.jar;C:\Users\DELL\.m2\repository\org\testng\testng\7.1.0\testng-7.1.0.jar;C:\Users\DELL\.m2\repository\com\beust\jcommander\1.72\jcommander-1.72.jar;C:\Users\DELL\.m2\repository\com\google\inject\guice\4.1.0\guice-4.1.0-no_aop.jar;C:\Users\DELL\.m2\repository\javax\inject\javax.inject\1\javax.inject-1.jar;C:\Users\DELL\.m2\repository\aopalliance\aopalliance\1.0\aopalliance-1.0.jar;C:\Users\DELL\.m2\repository\org\yaml\snakeyaml\1.17\snakeyaml-1.17.jar;"/>
    <property name="java.vm.vendor" value="Oracle Corporation"/>
    <property name="sun.arch.data.model" value="32"/>
    <property name="user.variant" value=""/>
    <property name="java.vendor.url" value="http://java.oracle.com/"/>
    <property name="user.timezone" value="Asia/Shanghai"/>
    <property name="java.vm.specification.version" value="1.8"/>
    <property name="os.name" value="Windows 10"/>
    <property name="user.country" value="CN"/>
    <property name="sun.java.launcher" value="SUN_STANDARD"/>
    <property name="sun.boot.library.path" value="D:\java\jdk1.8.0_73\jre\bin"/>
    <property name="sun.java.command" value="C:\Users\DELL\AppData\Local\Temp\surefire529921885018039715\surefirebooter4919660820192851173.jar C:\Users\DELL\AppData\Local\Temp\surefire529921885018039715 2020-06-24T16-49-21_192-jvmRun1 surefire8127276157656864256tmp surefire_04670473664934593493tmp"/>
    <property name="surefire.test.class.path" value="G:\github\muke\AutoTest\Chapter12\target\test-classes;G:\github\muke\AutoTest\Chapter12\target\classes;C:\Users\DELL\.m2\repository\org\apache\httpcomponents\httpclient\4.1.2\httpclient-4.1.2.jar;C:\Users\DELL\.m2\repository\org\apache\httpcomponents\httpcore\4.4.6\httpcore-4.4.6.jar;C:\Users\DELL\.m2\repository\commons-codec\commons-codec\1.10\commons-codec-1.10.jar;C:\Users\DELL\.m2\repository\org\json\json\20200518\json-20200518.jar;C:\Users\DELL\.m2\repository\mysql\mysql-connector-java\8.0.13\mysql-connector-java-8.0.13.jar;C:\Users\DELL\.m2\repository\com\google\protobuf\protobuf-java\3.6.1\protobuf-java-3.6.1.jar;C:\Users\DELL\.m2\repository\org\mybatis\mybatis\3.5.5\mybatis-3.5.5.jar;C:\Users\DELL\.m2\repository\org\projectlombok\lombok\1.16.10\lombok-1.16.10.jar;C:\Users\DELL\.m2\repository\com\relevantcodes\extentreports\2.41.1\extentreports-2.41.1.jar;C:\Users\DELL\.m2\repository\org\jsoup\jsoup\1.8.3\jsoup-1.8.3.jar;C:\Users\DELL\.m2\repository\org\xerial\sqlite-jdbc\3.15.1\sqlite-jdbc-3.15.1.jar;C:\Users\DELL\.m2\repository\org\freemarker\freemarker\2.3.26-incubating\freemarker-2.3.26-incubating.jar;C:\Users\DELL\.m2\repository\org\mongodb\mongodb-driver\3.4.2\mongodb-driver-3.4.2.jar;C:\Users\DELL\.m2\repository\org\mongodb\bson\3.4.2\bson-3.4.2.jar;C:\Users\DELL\.m2\repository\org\mongodb\mongodb-driver-core\3.4.2\mongodb-driver-core-3.4.2.jar;C:\Users\DELL\.m2\repository\com\vimalselvam\testng-extentsreport\1.3.1\testng-extentsreport-1.3.1.jar;C:\Users\DELL\.m2\repository\com\google\guava\guava\20.0\guava-20.0.jar;C:\Users\DELL\.m2\repository\com\aventstack\extentreports\3.0.6\extentreports-3.0.6.jar;C:\Users\DELL\.m2\repository\org\apache\httpcomponents\httpmime\4.5.3\httpmime-4.5.3.jar;C:\Users\DELL\.m2\repository\commons-logging\commons-logging\1.2\commons-logging-1.2.jar;C:\Users\DELL\.m2\repository\org\testng\testng\7.1.0\testng-7.1.0.jar;C:\Users\DELL\.m2\repository\com\beust\jcommander\1.72\jcommander-1.72.jar;C:\Users\DELL\.m2\repository\com\google\inject\guice\4.1.0\guice-4.1.0-no_aop.jar;C:\Users\DELL\.m2\repository\javax\inject\javax.inject\1\javax.inject-1.jar;C:\Users\DELL\.m2\repository\aopalliance\aopalliance\1.0\aopalliance-1.0.jar;C:\Users\DELL\.m2\repository\org\yaml\snakeyaml\1.17\snakeyaml-1.17.jar;"/>
    <property name="sun.cpu.endian" value="little"/>
    <property name="user.home" value="C:\Users\DELL"/>
    <property name="user.language" value="zh"/>
    <property name="java.specification.vendor" value="Oracle Corporation"/>
    <property name="java.home" value="D:\java\jdk1.8.0_73\jre"/>
    <property name="basedir" value="G:\github\muke\AutoTest\Chapter12"/>
    <property name="file.separator" value="\"/>
    <property name="line.separator" value="&#10;"/>
    <property name="java.vm.specification.vendor" value="Oracle Corporation"/>
    <property name="java.specification.name" value="Java Platform API Specification"/>
    <property name="java.awt.graphicsenv" value="sun.awt.Win32GraphicsEnvironment"/>
    <property name="surefire.real.class.path" value="C:\Users\DELL\AppData\Local\Temp\surefire529921885018039715\surefirebooter4919660820192851173.jar"/>
    <property name="sun.boot.class.path" value="D:\java\jdk1.8.0_73\jre\lib\resources.jar;D:\java\jdk1.8.0_73\jre\lib\rt.jar;D:\java\jdk1.8.0_73\jre\lib\sunrsasign.jar;D:\java\jdk1.8.0_73\jre\lib\jsse.jar;D:\java\jdk1.8.0_73\jre\lib\jce.jar;D:\java\jdk1.8.0_73\jre\lib\charsets.jar;D:\java\jdk1.8.0_73\jre\lib\jfr.jar;D:\java\jdk1.8.0_73\jre\classes"/>
    <property name="user.script" value=""/>
    <property name="sun.management.compiler" value="HotSpot Client Compiler"/>
    <property name="java.runtime.version" value="1.8.0_73-b02"/>
    <property name="user.name" value="DELL"/>
    <property name="path.separator" value=";"/>
    <property name="os.version" value="10.0"/>
    <property name="java.endorsed.dirs" value="D:\java\jdk1.8.0_73\jre\lib\endorsed"/>
    <property name="java.runtime.name" value="Java(TM) SE Runtime Environment"/>
    <property name="file.encoding" value="GBK"/>
    <property name="java.vm.name" value="Java HotSpot(TM) Client VM"/>
    <property name="localRepository" value="C:\Users\DELL\.m2\repository"/>
    <property name="java.vendor.url.bug" value="http://bugreport.sun.com/bugreport/"/>
    <property name="java.io.tmpdir" value="C:\Users\DELL\AppData\Local\Temp\"/>
    <property name="java.version" value="1.8.0_73"/>
    <property name="user.dir" value="G:\github\muke\AutoTest\Chapter12"/>
    <property name="os.arch" value="x86"/>
    <property name="java.vm.specification.name" value="Java Virtual Machine Specification"/>
    <property name="java.awt.printerjob" value="sun.awt.windows.WPrinterJob"/>
    <property name="sun.os.patch.level" value=""/>
    <property name="java.library.path" value="D:\java\jdk1.8.0_73\jre\bin;C:\WINDOWS\Sun\Java\bin;C:\WINDOWS\system32;C:\WINDOWS;C:\ProgramData\Oracle\Java\javapath;C:\Program Files (x86)\Intel\iCLS Client\;C:\Program Files\Intel\iCLS Client\;C:\WINDOWS\system32;C:\WINDOWS;C:\WINDOWS\System32\Wbem;C:\WINDOWS\System32\WindowsPowerShell\v1.0\;C:\Program Files (x86)\Intel\Intel(R) Management Engine Components\DAL;C:\Program Files\Intel\Intel(R) Management Engine Components\DAL;C:\Program Files (x86)\Intel\Intel(R) Management Engine Components\IPT;C:\Program Files\Intel\Intel(R) Management Engine Components\IPT;c:\Program Files (x86)\ATI Technologies\ATI.ACE\Core-Static;c:\Program Files\Intel\IntelSGXPSW\bin\x64\Release\;c:\Program Files\Intel\IntelSGXPSW\bin\win32\Release\;C:\Program Files\Intel\WiFi\bin\;C:\Program Files\Common Files\Intel\WirelessCommon\;C:\WINDOWS\System32\OpenSSH\;C:\Program Files (x86)\Microsoft SQL Server\100\Tools\Binn\;C:\Program Files\Microsoft SQL Server\100\Tools\Binn\;C:\Program Files\Microsoft SQL Server\100\DTS\Binn\;C:\Program Files\MySQL\MySQL Server 8.0\bin;D:\java\jdk1.8.0_73\bin;D:\java\jdk1.8.0_73\jre\bin;C:\Program Files\Git\cmd;D:\gradle-5.4\bin;D:\Program Files\Microsoft VS Code\bin;G:\program files\Python;C:\Program Files\Microsoft\Web Platform Installer\;G:\maven\apache-maven-3.6.3-bin\apache-maven-3.6.3\bin;G:\softwares\tools\Redis-x64-3.2.100;G:\Tools\nodejs\node_global;G:\Tools\nodejs;G:\Program Files\TortoiseSVN\bin;G:\Tools\apache-jmeter-5.3\bin;G:\softwares\tools\maven\apache-maven-3.6.3-bin\apache-maven-3.6.3\bin;C:\Program Files (x86)\Microsoft Visual Studio\Common\Tools\WinNT;C:\Program Files (x86)\Microsoft Visual Studio\Common\MSDev98\Bin;C:\Program Files (x86)\Microsoft Visual Studio\Common\Tools;C:\Program Files (x86)\Microsoft Visual Studio\VC98\bin;C:\Users\DELL\AppData\Local\Microsoft\WindowsApps;C:\Program Files\Bandizip\;D:\Program Files\Microsoft VS Code\bin;G:\program files\IntelliJ IDEA Community Edition 2019.1.3\bin;;;G:\IDEA2019\idea\IntelliJ IDEA 2019.1.1\bin;;G:\Programs\Fiddler;C:\Users\DELL\AppData\Roaming\npm;."/>
    <property name="java.vm.info" value="mixed mode"/>
    <property name="java.vendor" value="Oracle Corporation"/>
    <property name="java.vm.version" value="25.73-b02"/>
    <property name="java.ext.dirs" value="D:\java\jdk1.8.0_73\jre\lib\ext;C:\WINDOWS\Sun\Java\lib\ext"/>
    <property name="sun.io.unicode.encoding" value="UnicodeLittle"/>
    <property name="java.class.version" value="52.0"/>
  </properties>
  <testcase name="loginTrue" classname="com.course.cases.LoginTest" time="4.925">
    <failure message="Connection to http://localhost:8888 refused" type="org.apache.http.conn.HttpHostConnectException">org.apache.http.conn.HttpHostConnectException: Connection to http://localhost:8888 refused
	at com.course.cases.LoginTest.getResult(LoginTest.java:87)
	at com.course.cases.LoginTest.loginTrue(LoginTest.java:47)
Caused by: java.net.ConnectException: Connection refused: connect
	at com.course.cases.LoginTest.getResult(LoginTest.java:87)
	at com.course.cases.LoginTest.loginTrue(LoginTest.java:47)
</failure>
    <system-out><![CDATA[[TestNGContentHandler] [WARN] It is strongly recommended to add "<!DOCTYPE suite SYSTEM "https://testng.org/testng-1.0.dtd" >" at the top of your file, otherwise TestNG may fail or not work as expected.
LoginCase(id=1, userName=zhangsan, password=123456, expected=true)
http://localhost:8888/v1/login
]]></system-out>
    <system-err><![CDATA[Loading class `com.mysql.jdbc.Driver'. This is deprecated. The new driver class is `com.mysql.cj.jdbc.Driver'. The driver is automatically registered via the SPI and manual loading of the driver class is generally unnecessary.
]]></system-err>
  </testcase>
  <testcase name="loginFalse" classname="com.course.cases.LoginTest" time="4.084">
    <failure message="Connection to http://localhost:8888 refused" type="org.apache.http.conn.HttpHostConnectException">org.apache.http.conn.HttpHostConnectException: Connection to http://localhost:8888 refused
	at com.course.cases.LoginTest.getResult(LoginTest.java:87)
	at com.course.cases.LoginTest.loginFalse(LoginTest.java:64)
Caused by: java.net.ConnectException: Connection refused: connect
	at com.course.cases.LoginTest.getResult(LoginTest.java:87)
	at com.course.cases.LoginTest.loginFalse(LoginTest.java:64)
</failure>
    <system-out><![CDATA[LoginCase(id=2, userName=zhangsanerror, password=123, expected=false)
http://localhost:8888/v1/login
]]></system-out>
  </testcase>
  <testcase name="addUser" classname="com.course.cases.AddUserTest" time="0">
    <skipped message="Method AddUserTest.addUser()[pri:0, instance:com.course.cases.AddUserTest@1f5b51f] depends on not successfully finished methods in group &quot;loginTrue&quot;"/>
  </testcase>
  <testcase name="getUserInfo" classname="com.course.cases.GetUserInfoTest" time="0">
    <skipped message="Method GetUserInfoTest.getUserInfo()[pri:0, instance:com.course.cases.GetUserInfoTest@1bbe1b6] depends on not successfully finished methods in group &quot;loginTrue&quot;"/>
  </testcase>
  <testcase name="updateUserInfo" classname="com.course.cases.UpdateUserInfoTest" time="0">
    <skipped message="Method UpdateUserInfoTest.updateUserInfo()[pri:0, instance:com.course.cases.UpdateUserInfoTest@102b3b1] depends on not successfully finished methods in group &quot;loginTrue&quot;"/>
  </testcase>
  <testcase name="deleteUser" classname="com.course.cases.UpdateUserInfoTest" time="0">
    <skipped message="Method UpdateUserInfoTest.deleteUser()[pri:0, instance:com.course.cases.UpdateUserInfoTest@102b3b1] depends on not successfully finished methods in group &quot;loginTrue&quot;"/>
  </testcase>
  <testcase name="getUserListInfo" classname="com.course.cases.GetUserInfoListTest" time="0">
    <skipped message="Method GetUserInfoListTest.getUserListInfo()[pri:0, instance:com.course.cases.GetUserInfoListTest@1ea3742] depends on not successfully finished methods in group &quot;loginTrue&quot;"/>
  </testcase>
</testsuite>